0 info it worked if it ends with ok
1 verbose cli [ '/usr/local/bin/node',
1 verbose cli   '/usr/local/bin/npm',
1 verbose cli   'install',
1 verbose cli   'npm',
1 verbose cli   'nodeserver',
1 verbose cli   'npm',
1 verbose cli   'ionicserver' ]
2 info using npm@3.8.7
3 info using node@v4.4.2
4 silly loadCurrentTree Starting
5 silly install loadCurrentTree
6 silly install readLocalPackageData
7 silly fetchPackageMetaData npm
8 silly fetchPackageMetaData nodeserver
9 silly fetchPackageMetaData npm
10 silly fetchPackageMetaData ionicserver
11 silly fetchNamedPackageData npm
12 silly mapToRegistry name npm
13 silly mapToRegistry using default registry
14 silly mapToRegistry registry https://registry.npmjs.org/
15 silly mapToRegistry data Result {
15 silly mapToRegistry   raw: 'npm',
15 silly mapToRegistry   scope: null,
15 silly mapToRegistry   name: 'npm',
15 silly mapToRegistry   rawSpec: '',
15 silly mapToRegistry   spec: 'latest',
15 silly mapToRegistry   type: 'tag' }
16 silly mapToRegistry uri https://registry.npmjs.org/npm
17 silly fetchNamedPackageData nodeserver
18 silly mapToRegistry name nodeserver
19 silly mapToRegistry using default registry
20 silly mapToRegistry registry https://registry.npmjs.org/
21 silly mapToRegistry data Result {
21 silly mapToRegistry   raw: 'nodeserver',
21 silly mapToRegistry   scope: null,
21 silly mapToRegistry   name: 'nodeserver',
21 silly mapToRegistry   rawSpec: '',
21 silly mapToRegistry   spec: 'latest',
21 silly mapToRegistry   type: 'tag' }
22 silly mapToRegistry uri https://registry.npmjs.org/nodeserver
23 silly fetchNamedPackageData npm
24 silly mapToRegistry name npm
25 silly mapToRegistry using default registry
26 silly mapToRegistry registry https://registry.npmjs.org/
27 silly mapToRegistry data Result {
27 silly mapToRegistry   raw: 'npm',
27 silly mapToRegistry   scope: null,
27 silly mapToRegistry   name: 'npm',
27 silly mapToRegistry   rawSpec: '',
27 silly mapToRegistry   spec: 'latest',
27 silly mapToRegistry   type: 'tag' }
28 silly mapToRegistry uri https://registry.npmjs.org/npm
29 silly fetchNamedPackageData ionicserver
30 silly mapToRegistry name ionicserver
31 silly mapToRegistry using default registry
32 silly mapToRegistry registry https://registry.npmjs.org/
33 silly mapToRegistry data Result {
33 silly mapToRegistry   raw: 'ionicserver',
33 silly mapToRegistry   scope: null,
33 silly mapToRegistry   name: 'ionicserver',
33 silly mapToRegistry   rawSpec: '',
33 silly mapToRegistry   spec: 'latest',
33 silly mapToRegistry   type: 'tag' }
34 silly mapToRegistry uri https://registry.npmjs.org/ionicserver
35 verbose request uri https://registry.npmjs.org/nodeserver
36 verbose request no auth needed
37 info attempt registry request try #1 at 15:06:58
38 verbose request id 32033b5f0dc75a4a
39 http request GET https://registry.npmjs.org/nodeserver
40 verbose request uri https://registry.npmjs.org/ionicserver
41 verbose request no auth needed
42 info attempt registry request try #1 at 15:06:58
43 http request GET https://registry.npmjs.org/ionicserver
44 verbose request uri https://registry.npmjs.org/npm
45 verbose request no auth needed
46 info attempt registry request try #1 at 15:06:58
47 verbose etag "7E8JIS8EHZQKJ8RZU6QV8KL2"
48 http request GET https://registry.npmjs.org/npm
49 verbose request uri https://registry.npmjs.org/npm
50 verbose request no auth needed
51 info attempt registry request try #1 at 15:06:58
52 verbose etag "7E8JIS8EHZQKJ8RZU6QV8KL2"
53 http request GET https://registry.npmjs.org/npm
54 http 200 https://registry.npmjs.org/nodeserver
55 verbose headers { server: 'CouchDB/1.5.0 (Erlang OTP/R16B03)',
55 verbose headers   etag: '"1146MIZ1KZN4AMGGB1S5BYJLU"',
55 verbose headers   'content-type': 'application/json',
55 verbose headers   'content-encoding': 'gzip',
55 verbose headers   'cache-control': 'max-age=300',
55 verbose headers   'content-length': '6011',
55 verbose headers   'accept-ranges': 'bytes',
55 verbose headers   date: 'Mon, 15 Aug 2016 20:18:35 GMT',
55 verbose headers   via: '1.1 varnish',
55 verbose headers   age: '33',
55 verbose headers   connection: 'keep-alive',
55 verbose headers   'x-served-by': 'cache-iad2646-IAD',
55 verbose headers   'x-cache': 'HIT',
55 verbose headers   'x-cache-hits': '1',
55 verbose headers   'x-timer': 'S1471292315.630658,VS0,VE0',
55 verbose headers   vary: 'Accept-Encoding' }
56 silly get cb [ 200,
56 silly get   { server: 'CouchDB/1.5.0 (Erlang OTP/R16B03)',
56 silly get     etag: '"1146MIZ1KZN4AMGGB1S5BYJLU"',
56 silly get     'content-type': 'application/json',
56 silly get     'content-encoding': 'gzip',
56 silly get     'cache-control': 'max-age=300',
56 silly get     'content-length': '6011',
56 silly get     'accept-ranges': 'bytes',
56 silly get     date: 'Mon, 15 Aug 2016 20:18:35 GMT',
56 silly get     via: '1.1 varnish',
56 silly get     age: '33',
56 silly get     connection: 'keep-alive',
56 silly get     'x-served-by': 'cache-iad2646-IAD',
56 silly get     'x-cache': 'HIT',
56 silly get     'x-cache-hits': '1',
56 silly get     'x-timer': 'S1471292315.630658,VS0,VE0',
56 silly get     vary: 'Accept-Encoding' } ]
57 verbose get saving nodeserver to /home/geovanna/.npm/registry.npmjs.org/nodeserver/.cache.json
58 verbose correctMkdir /home/geovanna/.npm correctMkdir not in flight; initializing
59 http 404 https://registry.npmjs.org/ionicserver
60 verbose headers { 'content-type': 'application/json',
60 verbose headers   'cache-control': 'max-age=0',
60 verbose headers   'content-length': '2',
60 verbose headers   'accept-ranges': 'bytes',
60 verbose headers   date: 'Mon, 15 Aug 2016 20:18:36 GMT',
60 verbose headers   via: '1.1 varnish',
60 verbose headers   age: '0',
60 verbose headers   connection: 'keep-alive',
60 verbose headers   'x-served-by': 'cache-iad2625-IAD',
60 verbose headers   'x-cache': 'MISS',
60 verbose headers   'x-cache-hits': '0',
60 verbose headers   'x-timer': 'S1471292316.034791,VS0,VE101',
60 verbose headers   vary: 'Accept-Encoding' }
61 silly get cb [ 404,
61 silly get   { 'content-type': 'application/json',
61 silly get     'cache-control': 'max-age=0',
61 silly get     'content-length': '2',
61 silly get     'accept-ranges': 'bytes',
61 silly get     date: 'Mon, 15 Aug 2016 20:18:36 GMT',
61 silly get     via: '1.1 varnish',
61 silly get     age: '0',
61 silly get     connection: 'keep-alive',
61 silly get     'x-served-by': 'cache-iad2625-IAD',
61 silly get     'x-cache': 'MISS',
61 silly get     'x-cache-hits': '0',
61 silly get     'x-timer': 'S1471292316.034791,VS0,VE101',
61 silly get     vary: 'Accept-Encoding' } ]
62 silly fetchPackageMetaData Error: Registry returned 404 for GET on https://registry.npmjs.org/ionicserver
62 silly fetchPackageMetaData     at makeError (/usr/local/lib/node_modules/npm/node_modules/npm-registry-client/lib/request.js:264:12)
62 silly fetchPackageMetaData     at CachingRegistryClient.<anonymous> (/usr/local/lib/node_modules/npm/node_modules/npm-registry-client/lib/request.js:242:14)
62 silly fetchPackageMetaData     at Request._callback (/usr/local/lib/node_modules/npm/node_modules/npm-registry-client/lib/request.js:172:14)
62 silly fetchPackageMetaData     at Request.self.callback (/usr/local/lib/node_modules/npm/node_modules/request/request.js:200:22)
62 silly fetchPackageMetaData     at emitTwo (events.js:87:13)
62 silly fetchPackageMetaData     at Request.emit (events.js:172:7)
62 silly fetchPackageMetaData     at Request.<anonymous> (/usr/local/lib/node_modules/npm/node_modules/request/request.js:1041:10)
62 silly fetchPackageMetaData     at emitOne (events.js:82:20)
62 silly fetchPackageMetaData     at Request.emit (events.js:169:7)
62 silly fetchPackageMetaData     at IncomingMessage.<anonymous> (/usr/local/lib/node_modules/npm/node_modules/request/request.js:968:12)
62 silly fetchPackageMetaData  error for ionicserver { [Error: Registry returned 404 for GET on https://registry.npmjs.org/ionicserver] pkgid: 'ionicserver', statusCode: 404, code: 'E404' }
63 http 200 https://registry.npmjs.org/npm
64 verbose headers { server: 'CouchDB/1.5.0 (Erlang OTP/R16B03)',
64 verbose headers   etag: '"DTJGHQG5S2ZEU34GMVISYYAM3"',
64 verbose headers   'content-type': 'application/json',
64 verbose headers   'content-encoding': 'gzip',
64 verbose headers   'cache-control': 'max-age=300',
64 verbose headers   'content-length': '720340',
64 verbose headers   'accept-ranges': 'bytes',
64 verbose headers   date: 'Mon, 15 Aug 2016 20:18:35 GMT',
64 verbose headers   via: '1.1 varnish',
64 verbose headers   age: '291',
64 verbose headers   connection: 'keep-alive',
64 verbose headers   'x-served-by': 'cache-iad2147-IAD',
64 verbose headers   'x-cache': 'HIT',
64 verbose headers   'x-cache-hits': '1',
64 verbose headers   'x-timer': 'S1471292315.916259,VS0,VE1',
64 verbose headers   vary: 'Accept-Encoding' }
65 silly get cb [ 200,
65 silly get   { server: 'CouchDB/1.5.0 (Erlang OTP/R16B03)',
65 silly get     etag: '"DTJGHQG5S2ZEU34GMVISYYAM3"',
65 silly get     'content-type': 'application/json',
65 silly get     'content-encoding': 'gzip',
65 silly get     'cache-control': 'max-age=300',
65 silly get     'content-length': '720340',
65 silly get     'accept-ranges': 'bytes',
65 silly get     date: 'Mon, 15 Aug 2016 20:18:35 GMT',
65 silly get     via: '1.1 varnish',
65 silly get     age: '291',
65 silly get     connection: 'keep-alive',
65 silly get     'x-served-by': 'cache-iad2147-IAD',
65 silly get     'x-cache': 'HIT',
65 silly get     'x-cache-hits': '1',
65 silly get     'x-timer': 'S1471292315.916259,VS0,VE1',
65 silly get     vary: 'Accept-Encoding' } ]
66 verbose get saving npm to /home/geovanna/.npm/registry.npmjs.org/npm/.cache.json
67 verbose correctMkdir /home/geovanna/.npm correctMkdir not in flight; initializing
68 http 200 https://registry.npmjs.org/npm
69 verbose headers { server: 'CouchDB/1.5.0 (Erlang OTP/R16B03)',
69 verbose headers   etag: '"DTJGHQG5S2ZEU34GMVISYYAM3"',
69 verbose headers   'content-type': 'application/json',
69 verbose headers   'content-encoding': 'gzip',
69 verbose headers   'cache-control': 'max-age=300',
69 verbose headers   'content-length': '720340',
69 verbose headers   'accept-ranges': 'bytes',
69 verbose headers   date: 'Mon, 15 Aug 2016 20:18:35 GMT',
69 verbose headers   via: '1.1 varnish',
69 verbose headers   age: '291',
69 verbose headers   connection: 'keep-alive',
69 verbose headers   'x-served-by': 'cache-iad2622-IAD',
69 verbose headers   'x-cache': 'HIT',
69 verbose headers   'x-cache-hits': '3',
69 verbose headers   'x-timer': 'S1471292315.939269,VS0,VE0',
69 verbose headers   vary: 'Accept-Encoding' }
70 silly get cb [ 200,
70 silly get   { server: 'CouchDB/1.5.0 (Erlang OTP/R16B03)',
70 silly get     etag: '"DTJGHQG5S2ZEU34GMVISYYAM3"',
70 silly get     'content-type': 'application/json',
70 silly get     'content-encoding': 'gzip',
70 silly get     'cache-control': 'max-age=300',
70 silly get     'content-length': '720340',
70 silly get     'accept-ranges': 'bytes',
70 silly get     date: 'Mon, 15 Aug 2016 20:18:35 GMT',
70 silly get     via: '1.1 varnish',
70 silly get     age: '291',
70 silly get     connection: 'keep-alive',
70 silly get     'x-served-by': 'cache-iad2622-IAD',
70 silly get     'x-cache': 'HIT',
70 silly get     'x-cache-hits': '3',
70 silly get     'x-timer': 'S1471292315.939269,VS0,VE0',
70 silly get     vary: 'Accept-Encoding' } ]
71 verbose get saving npm to /home/geovanna/.npm/registry.npmjs.org/npm/.cache.json
72 verbose correctMkdir /home/geovanna/.npm correctMkdir not in flight; initializing
73 silly rollbackFailedOptional Starting
74 silly rollbackFailedOptional Finishing
75 silly runTopLevelLifecycles Starting
76 silly runTopLevelLifecycles Finishing
77 silly install printInstalled
78 verbose stack Error: Registry returned 404 for GET on https://registry.npmjs.org/ionicserver
78 verbose stack     at makeError (/usr/local/lib/node_modules/npm/node_modules/npm-registry-client/lib/request.js:264:12)
78 verbose stack     at CachingRegistryClient.<anonymous> (/usr/local/lib/node_modules/npm/node_modules/npm-registry-client/lib/request.js:242:14)
78 verbose stack     at Request._callback (/usr/local/lib/node_modules/npm/node_modules/npm-registry-client/lib/request.js:172:14)
78 verbose stack     at Request.self.callback (/usr/local/lib/node_modules/npm/node_modules/request/request.js:200:22)
78 verbose stack     at emitTwo (events.js:87:13)
78 verbose stack     at Request.emit (events.js:172:7)
78 verbose stack     at Request.<anonymous> (/usr/local/lib/node_modules/npm/node_modules/request/request.js:1041:10)
78 verbose stack     at emitOne (events.js:82:20)
78 verbose stack     at Request.emit (events.js:169:7)
78 verbose stack     at IncomingMessage.<anonymous> (/usr/local/lib/node_modules/npm/node_modules/request/request.js:968:12)
79 verbose statusCode 404
80 verbose pkgid ionicserver
81 verbose cwd /home/geovanna/appSAGAA/appSAGAA/www/js
82 error Linux 3.16.0-4-amd64
83 error argv "/usr/local/bin/node" "/usr/local/bin/npm" "install" "npm" "nodeserver" "npm" "ionicserver"
84 error node v4.4.2
85 error npm  v3.8.7
86 error code E404
87 error 404 Registry returned 404 for GET on https://registry.npmjs.org/ionicserver
88 error 404
89 error 404 'ionicserver' is not in the npm registry.
90 error 404 You should bug the author to publish it (or use the name yourself!)
91 error 404 Note that you can also install from a
92 error 404 tarball, folder, http url, or git url.
93 verbose exit [ 1, true ]
